<?xml version="1.0" encoding="UTF-8"?>
<testng-results skipped="0" failed="0" ignored="0" total="3" passed="3">
  <reporter-output>
  </reporter-output>
  <suite name="Default suite" duration-ms="37204" started-at="2020-07-29T18:43:02 BST" finished-at="2020-07-29T18:43:39 BST">
    <groups>
      <group name="cucumber">
        <method signature="AbstractTestNGCucumberTests.runScenario(io.cucumber.testng.PickleWrapper, io.cucumber.testng.FeatureWrapper)[pri:0, instance:starter.TestNGRunner@22635ba0]" name="runScenario" class="io.cucumber.testng.AbstractTestNGCucumberTests"/>
      </group> <!-- cucumber -->
    </groups>
    <test name="Default test" duration-ms="37204" started-at="2020-07-29T18:43:02 BST" finished-at="2020-07-29T18:43:39 BST">
      <class name="starter.TestNGRunner">
        <test-method status="PASS" signature="setUpClass()[pri:0, instance:starter.TestNGRunner@22635ba0]" name="setUpClass" is-config="true" duration-ms="350" started-at="2020-07-29T18:43:02 BST" finished-at="2020-07-29T18:43:02 BST">
          <reporter-output>
          </reporter-output>
        </test-method> <!-- setUpClass -->
        <test-method status="PASS" signature="runScenario(io.cucumber.testng.PickleWrapper, io.cucumber.testng.FeatureWrapper)[pri:0, instance:starter.TestNGRunner@22635ba0]" name="runScenario" duration-ms="24679" started-at="2020-07-29T18:43:02 BST" description="Runs Cucumber Scenarios" data-provider="scenarios" finished-at="2020-07-29T18:43:27 BST">
          <params>
            <param index="0">
              <value>
                <![CDATA["Check filters for Instructors"]]>
              </value>
            </param>
            <param index="1">
              <value>
                <![CDATA["Optional[Apply filters on Instructors, Music and Workouts]"]]>
              </value>
            </param>
          </params>
          <reporter-output>
          </reporter-output>
        </test-method> <!-- runScenario -->
        <test-method status="PASS" signature="runScenario(io.cucumber.testng.PickleWrapper, io.cucumber.testng.FeatureWrapper)[pri:0, instance:starter.TestNGRunner@22635ba0]" name="runScenario" duration-ms="25604" started-at="2020-07-29T18:43:02 BST" description="Runs Cucumber Scenarios" data-provider="scenarios" finished-at="2020-07-29T18:43:28 BST">
          <params>
            <param index="0">
              <value>
                <![CDATA["Check filters for Instructors"]]>
              </value>
            </param>
            <param index="1">
              <value>
                <![CDATA["Optional[Apply filters on Instructors, Music and Workouts]"]]>
              </value>
            </param>
          </params>
          <reporter-output>
          </reporter-output>
        </test-method> <!-- runScenario -->
        <test-method status="PASS" signature="runScenario(io.cucumber.testng.PickleWrapper, io.cucumber.testng.FeatureWrapper)[pri:0, instance:starter.TestNGRunner@22635ba0]" name="runScenario" duration-ms="36813" started-at="2020-07-29T18:43:02 BST" description="Runs Cucumber Scenarios" data-provider="scenarios" finished-at="2020-07-29T18:43:39 BST">
          <params>
            <param index="0">
              <value>
                <![CDATA["Check filters for Instructors"]]>
              </value>
            </param>
            <param index="1">
              <value>
                <![CDATA["Optional[Apply filters on Instructors, Music and Workouts]"]]>
              </value>
            </param>
          </params>
          <reporter-output>
          </reporter-output>
        </test-method> <!-- runScenario -->
        <test-method status="PASS" signature="tearDownClass()[pri:0, instance:starter.TestNGRunner@22635ba0]" name="tearDownClass" is-config="true" duration-ms="3" started-at="2020-07-29T18:43:39 BST" finished-at="2020-07-29T18:43:39 BST">
          <reporter-output>
          </reporter-output>
        </test-method> <!-- tearDownClass -->
      </class> <!-- starter.TestNGRunner -->
    </test> <!-- Default test -->
  </suite> <!-- Default suite -->
</testng-results>
